<?xml version="1.0" encoding="UTF-8"?>
<!-- Generated by org.testng.reporters.JUnitXMLReporter -->
<testsuite hostname="ajit" ignored="0" name="simpleTest" tests="3" failures="0" timestamp="21 May 2018 19:33:45 GMT" time="50.158" errors="0">
  <testcase name="registrationTest" time="13.57" classname="com.ajit.testScripts.registration.RegistrationTest"/>
  <testcase name="registrationTest" time="0.002" classname="com.ajit.testScripts.registration.RegistrationTest">
    <skipped/>
  </testcase> <!-- registrationTest -->
  <testcase name="registrationTest" time="0.001" classname="com.ajit.testScripts.registration.RegistrationTest">
    <skipped/>
  </testcase> <!-- registrationTest -->
</testsuite> <!-- simpleTest -->
