<?xml version="1.0" encoding="UTF-8"?>
<testng-results skipped="1" failed="0" ignored="0" total="4" passed="3">
  <reporter-output>
  </reporter-output>
  <suite name="Suite1" duration-ms="71180" started-at="2018-05-30T07:48:15Z" finished-at="2018-05-30T07:49:26Z">
    <groups>
    </groups>
    <test name="LocateStore" duration-ms="28820" started-at="2018-05-30T07:48:15Z" finished-at="2018-05-30T07:48:43Z">
      <class name="com.ajit.testScripts.storeLocator.StoresLocatorTest">
        <test-method status="PASS" signature="launchBrowser()[pri:0, instance:com.ajit.testScripts.storeLocator.StoresLocatorTest@6d7b4f4c]" name="launchBrowser" is-config="true" duration-ms="4747" started-at="2018-05-30T03:48:15Z" finished-at="2018-05-30T03:48:19Z">
          <reporter-output>
          </reporter-output>
        </test-method> <!-- launchBrowser -->
        <test-method status="PASS" signature="beforeClass()[pri:0, instance:com.ajit.testScripts.storeLocator.StoresLocatorTest@6d7b4f4c]" name="beforeClass" is-config="true" duration-ms="17742" started-at="2018-05-30T03:48:19Z" finished-at="2018-05-30T03:48:37Z">
          <reporter-output>
          </reporter-output>
        </test-method> <!-- beforeClass -->
        <test-method status="PASS" signature="storesLocatorTest()[pri:0, instance:com.ajit.testScripts.storeLocator.StoresLocatorTest@6d7b4f4c]" name="storesLocatorTest" duration-ms="5277" started-at="2018-05-30T03:48:37Z" finished-at="2018-05-30T03:48:42Z">
          <reporter-output>
          </reporter-output>
        </test-method> <!-- storesLocatorTest -->
        <test-method status="PASS" signature="closeBrowser()[pri:0, instance:com.ajit.testScripts.storeLocator.StoresLocatorTest@6d7b4f4c]" name="closeBrowser" is-config="true" duration-ms="1049" started-at="2018-05-30T03:48:42Z" finished-at="2018-05-30T03:48:43Z">
          <reporter-output>
          </reporter-output>
        </test-method> <!-- closeBrowser -->
      </class> <!-- com.ajit.testScripts.storeLocator.StoresLocatorTest -->
    </test> <!-- LocateStore -->
    <test name="Login" duration-ms="42216" started-at="2018-05-30T07:48:43Z" finished-at="2018-05-30T07:49:26Z">
      <class name="com.ajit.testScripts.login.LoginTest">
        <test-method status="PASS" signature="launchBrowser()[pri:0, instance:com.ajit.testScripts.login.LoginTest@5ae63ade]" name="launchBrowser" is-config="true" duration-ms="3166" started-at="2018-05-30T03:48:43Z" finished-at="2018-05-30T03:48:47Z">
          <reporter-output>
          </reporter-output>
        </test-method> <!-- launchBrowser -->
        <test-method status="PASS" signature="beforeClass()[pri:0, instance:com.ajit.testScripts.login.LoginTest@5ae63ade]" name="beforeClass" is-config="true" duration-ms="16612" started-at="2018-05-30T03:48:47Z" finished-at="2018-05-30T03:49:03Z">
          <reporter-output>
          </reporter-output>
        </test-method> <!-- beforeClass -->
        <test-method status="PASS" signature="loginTest(java.lang.String, java.lang.String, java.lang.String)[pri:0, instance:com.ajit.testScripts.login.LoginTest@5ae63ade]" name="loginTest" duration-ms="11833" started-at="2018-05-30T03:49:04Z" data-provider="testData" finished-at="2018-05-30T03:49:16Z">
          <params>
            <param index="0">
              <value>
                <![CDATA[adas0304@gmail.com]]>
              </value>
            </param>
            <param index="1">
              <value>
                <![CDATA[Bluemoon123]]>
              </value>
            </param>
            <param index="2">
              <value>
                <![CDATA[Y]]>
              </value>
            </param>
          </params>
          <reporter-output>
          </reporter-output>
        </test-method> <!-- loginTest -->
        <test-method status="PASS" signature="loginTest(java.lang.String, java.lang.String, java.lang.String)[pri:0, instance:com.ajit.testScripts.login.LoginTest@5ae63ade]" name="loginTest" duration-ms="9021" started-at="2018-05-30T03:49:16Z" data-provider="testData" finished-at="2018-05-30T03:49:25Z">
          <params>
            <param index="0">
              <value>
                <![CDATA[ajit_das@outlook.com]]>
              </value>
            </param>
            <param index="1">
              <value>
                <![CDATA[SunShine289]]>
              </value>
            </param>
            <param index="2">
              <value>
                <![CDATA[Y]]>
              </value>
            </param>
          </params>
          <reporter-output>
          </reporter-output>
        </test-method> <!-- loginTest -->
        <test-method status="PASS" signature="closeBrowser()[pri:0, instance:com.ajit.testScripts.login.LoginTest@5ae63ade]" name="closeBrowser" is-config="true" duration-ms="849" started-at="2018-05-30T03:49:25Z" finished-at="2018-05-30T03:49:26Z">
          <reporter-output>
          </reporter-output>
        </test-method> <!-- closeBrowser -->
        <test-method status="SKIP" signature="loginTest(java.lang.String, java.lang.String, java.lang.String)[pri:0, instance:com.ajit.testScripts.login.LoginTest@5ae63ade]" name="loginTest" duration-ms="0" started-at="2018-05-30T03:49:25Z" data-provider="testData" finished-at="2018-05-30T03:49:25Z">
          <params>
            <param index="0">
              <value>
                <![CDATA[rimedasji2015@gmail.com]]>
              </value>
            </param>
            <param index="1">
              <value>
                <![CDATA[Rime0304love]]>
              </value>
            </param>
            <param index="2">
              <value>
                <![CDATA[N]]>
              </value>
            </param>
          </params>
          <exception class="org.testng.SkipException">
            <message>
              <![CDATA[Run mode for this set of data is marked N]]>
            </message>
            <full-stacktrace>
              <![CDATA[org.testng.SkipException: Run mode for this set of data is marked Nat com.ajit.testScripts.login.LoginTest.loginTest(LoginTest.java:48)at sun.reflect.NativeMethodAccessorImpl.invoke0(Native Method)at sun.reflect.NativeMethodAccessorImpl.invoke(NativeMethodAccessorImpl.java:62)at sun.reflect.DelegatingMethodAccessorImpl.invoke(DelegatingMethodAccessorImpl.java:43)at java.lang.reflect.Method.invoke(Method.java:498)at org.testng.internal.MethodInvocationHelper.invokeMethod(MethodInvocationHelper.java:124)at org.testng.internal.Invoker.invokeMethod(Invoker.java:571)at org.testng.internal.Invoker.invokeTestMethod(Invoker.java:707)at org.testng.internal.Invoker.invokeTestMethods(Invoker.java:979)at org.testng.internal.TestMethodWorker.invokeTestMethods(TestMethodWorker.java:125)at org.testng.internal.TestMethodWorker.run(TestMethodWorker.java:109)at org.testng.TestRunner.privateRun(TestRunner.java:648)at org.testng.TestRunner.run(TestRunner.java:505)at org.testng.SuiteRunner.runTest(SuiteRunner.java:455)at org.testng.SuiteRunner.runSequentially(SuiteRunner.java:450)at org.testng.SuiteRunner.privateRun(SuiteRunner.java:415)at org.testng.SuiteRunner.run(SuiteRunner.java:364)at org.testng.SuiteRunnerWorker.runSuite(SuiteRunnerWorker.java:52)at org.testng.SuiteRunnerWorker.run(SuiteRunnerWorker.java:84)at org.testng.TestNG.runSuitesSequentially(TestNG.java:1187)at org.testng.TestNG.runSuitesLocally(TestNG.java:1116)at org.testng.TestNG.runSuites(TestNG.java:1028)at org.testng.TestNG.run(TestNG.java:996)at org.testng.remote.AbstractRemoteTestNG.run(AbstractRemoteTestNG.java:114)at org.testng.remote.RemoteTestNG.initAndRun(RemoteTestNG.java:251)at org.testng.remote.RemoteTestNG.main(RemoteTestNG.java:77)]]>
            </full-stacktrace>
          </exception> <!-- org.testng.SkipException -->
          <reporter-output>
          </reporter-output>
        </test-method> <!-- loginTest -->
      </class> <!-- com.ajit.testScripts.login.LoginTest -->
    </test> <!-- Login -->
  </suite> <!-- Suite1 -->
</testng-results>
