<?xml version="1.0" encoding="UTF-8"?>
<testng-results skipped="0" failed="0" ignored="0" total="1" passed="1">
  <reporter-output>
  </reporter-output>
  <suite name="Suite" duration-ms="41824" started-at="2018-05-22T08:30:02Z" finished-at="2018-05-22T08:30:44Z">
    <groups>
    </groups>
    <test name="Test" duration-ms="41824" started-at="2018-05-22T08:30:02Z" finished-at="2018-05-22T08:30:44Z">
      <class name="com.ajit.testScripts.storeLocator.StoresLocatorTest">
        <test-method status="PASS" signature="launchBrowser()[pri:0, instance:com.ajit.testScripts.storeLocator.StoresLocatorTest@553f17c]" name="launchBrowser" is-config="true" duration-ms="6017" started-at="2018-05-22T04:30:02Z" finished-at="2018-05-22T04:30:08Z">
          <reporter-output>
          </reporter-output>
        </test-method> <!-- launchBrowser -->
        <test-method status="PASS" signature="beforeClass()[pri:0, instance:com.ajit.testScripts.storeLocator.StoresLocatorTest@553f17c]" name="beforeClass" is-config="true" duration-ms="25594" started-at="2018-05-22T04:30:08Z" finished-at="2018-05-22T04:30:34Z">
          <reporter-output>
          </reporter-output>
        </test-method> <!-- beforeClass -->
        <test-method status="PASS" signature="storesLocatorTest()[pri:0, instance:com.ajit.testScripts.storeLocator.StoresLocatorTest@553f17c]" name="storesLocatorTest" duration-ms="9980" started-at="2018-05-22T04:30:34Z" finished-at="2018-05-22T04:30:44Z">
          <reporter-output>
          </reporter-output>
        </test-method> <!-- storesLocatorTest -->
      </class> <!-- com.ajit.testScripts.storeLocator.StoresLocatorTest -->
    </test> <!-- Test -->
  </suite> <!-- Suite -->
</testng-results>
